Arguments: 
  C:\Program Files\nodejs\node.exe C:\Program Files\nodejs\node_modules\yarn\bin\yarn.js add ant-design-vue@4.x

PATH: 
  C:\Windows\system32;C:\Windows;C:\Windows\System32\Wbem;C:\Windows\System32\WindowsPowerShell\v1.0\;C:\Windows\System32\OpenSSH\;C:\Program Files (x86)\NVIDIA Corporation\PhysX\Common;C:\Program Files\NVIDIA Corporation\NVIDIA NvDLISR;C:\WINDOWS\system32;C:\WINDOWS;C:\WINDOWS\System32\Wbem;C:\WINDOWS\System32\WindowsPowerShell\v1.0\;C:\WINDOWS\System32\OpenSSH\;D:\bandizip\;C:\Program Files\Git\cmd;C:\Users\dd\AppData\Roaming\nvm;C:\Program Files\nodejs;D:\matlab\runtime\win64;D:\matlab\bin;C:\Users\dd\AppData\Local\Microsoft\WindowsApps;D:\vscode\Microsoft VS Code\bin;C:\Users\dd\AppData\Roaming\nvm;C:\Program Files\nodejs;

Yarn version: 
  1.22.19

Node version: 
  20.1.0

Platform: 
  win32 x64

Trace: 
  Error [ERR_SOCKET_CONNECTION_TIMEOUT]: Socket connection timeout
      at new NodeError (node:internal/errors:399:5)
      at internalConnectMultiple (node:net:1099:20)
      at Timeout.internalConnectMultipleTimeout (node:net:1638:3)
      at listOnTimeout (node:internal/timers:575:11)
      at process.processTimers (node:internal/timers:514:7)

npm manifest: 
  {
      "name": "afe1",
      "version": "1.0.0",
      "description": "",
      "main": "index.js",
      "scripts": {
          "deploy":"bash deploy.sh",
          "dev": "vitepress dev --host 0.0.0.0",
          "build": "vitepress build",
          "preview": "vitepress preview"
      },
      "keywords": [],
      "author": "",
      "license": "ISC",
      "type": "module",
      "devDependencies": {
          "@types/node": "^18.14.6",
          "@typescript-eslint/eslint-plugin": "^5.54.1",
          "@typescript-eslint/parser": "^5.54.1",
          "@typescript-eslint/types": "^5.54.1",
          "@vue/compiler-sfc": "^3.2.47",
          "eslint": "^8.35.0",
          "eslint-config-prettier": "^8.7.0",
          "eslint-plugin-prettier": "^4.2.1",
          "eslint-plugin-vue": "^9.9.0",
          "fs-extra": "^11.1.0",
          "globby": "^13.1.3",
          "gray-matter": "^4.0.3",
          "prettier": "^2.8.4",
          "typescript": "^4.9.5",
          "vitepress": "1.0.0-alpha.51"
      }
  }

yarn manifest: 
  No manifest

Lockfile: 
  No lockfile
